<?xml version="1.0" encoding="UTF-8"?>
<testsuite xmlns:xsi="http://www.w3.org/2001/XMLSchema-instance" xsi:noNamespaceSchemaLocation="https://maven.apache.org/surefire/maven-surefire-plugin/xsd/surefire-test-report-3.0.xsd" version="3.0" name="util.PropertiesUtilTest" time="0.129" tests="7" errors="0" skipped="0" failures="0">
  <properties>
[...]
</properties>
  <testcase name="checkGet(String, String)[1]" classname="util.PropertiesUtilTest" time="0.058"/>
  <testcase name="checkGet(String, String)[2]" classname="util.PropertiesUtilTest" time="0.002"/>
  <testcase name="checkGet(String, String)[3]" classname="util.PropertiesUtilTest" time="0.001"/>
  <testcase name="checkGet(String, String)[4]" classname="util.PropertiesUtilTest" time="0.001"/>
  <testcase name="checkGet(String, String)[5]" classname="util.PropertiesUtilTest" time="0.001"/>
  <testcase name="checkGet(String, String)[6]" classname="util.PropertiesUtilTest" time="0.001"/>
  <testcase name="checkGet(String, String)[7]" classname="util.PropertiesUtilTest" time="0.001"/>
</testsuite>